TN:
SF:src/setupTests.ts
FN:7,(anonymous_0)
FNF:1
FNH:0
FNDA:0,(anonymous_0)
DA:7,0
LF:1
LH:0
BRF:0
BRH:0
end_of_record
TN:
SF:src/components/Card/index.tsx
FN:8,Card
FNF:1
FNH:1
FNDA:30,Card
DA:9,30
DA:11,30
LF:2
LH:2
BRF:0
BRH:0
end_of_record
TN:
SF:src/components/Card/styles.ts
FN:6,(anonymous_0)
FN:33,(anonymous_1)
FN:35,(anonymous_2)
FN:41,(anonymous_3)
FN:43,(anonymous_4)
FNF:5
FNH:5
FNDA:30,(anonymous_0)
FNDA:30,(anonymous_1)
FNDA:30,(anonymous_2)
FNDA:30,(anonymous_3)
FNDA:30,(anonymous_4)
DA:5,2
DA:6,30
DA:24,2
DA:32,2
DA:33,30
DA:35,30
DA:39,2
DA:41,30
DA:43,30
DA:47,2
LF:10
LH:10
BRF:0
BRH:0
end_of_record
TN:
SF:src/components/Card/types.ts
FNF:0
FNH:0
LF:0
LH:0
BRF:0
BRH:0
end_of_record
TN:
SF:src/components/Logo/index.tsx
FN:8,Logo
FNF:1
FNH:1
FNDA:5,Logo
DA:9,5
LF:1
LH:1
BRF:0
BRH:0
end_of_record
TN:
SF:src/components/Logo/styles.ts
FN:18,(anonymous_0)
FN:19,(anonymous_1)
FNF:2
FNH:2
FNDA:5,(anonymous_0)
FNDA:5,(anonymous_1)
DA:4,2
DA:9,2
DA:16,2
DA:18,5
DA:19,5
LF:5
LH:5
BRF:0
BRH:0
end_of_record
TN:
SF:src/context/weather/index.tsx
FN:15,WeatherProvider
FN:20,(anonymous_1)
FN:30,(anonymous_2)
FN:63,(anonymous_3)
FNF:4
FNH:0
FNDA:0,WeatherProvider
FNDA:0,(anonymous_1)
FNDA:0,(anonymous_2)
FNDA:0,(anonymous_3)
DA:9,5
DA:11,5
DA:13,5
DA:16,0
DA:17,0
DA:20,0
DA:22,0
DA:28,0
DA:30,0
DA:32,0
DA:33,0
DA:40,0
DA:55,0
DA:56,0
DA:59,0
DA:61,0
DA:63,0
DA:68,0
LF:18
LH:3
BRF:0
BRH:0
end_of_record
TN:
SF:src/context/weather/types.ts
FNF:0
FNH:0
LF:0
LH:0
BRF:0
BRH:0
end_of_record
TN:
SF:src/hooks/useWeather.ts
FN:5,(anonymous_0)
FNF:1
FNH:1
FNDA:4,(anonymous_0)
DA:5,1
DA:6,4
DA:8,4
DA:9,0
DA:12,4
LF:5
LH:4
BRDA:8,0,0,0
BRDA:8,0,1,4
BRF:2
BRH:1
end_of_record
TN:
SF:src/routes/app.stack.routes.tsx
FN:13,MainStackRoutes
FNF:1
FNH:0
FNDA:0,MainStackRoutes
DA:11,0
DA:14,0
DA:16,0
LF:3
LH:0
BRF:0
BRH:0
end_of_record
TN:
SF:src/routes/index.tsx
FN:6,Routes
FNF:1
FNH:0
FNDA:0,Routes
DA:7,0
LF:1
LH:0
BRF:0
BRH:0
end_of_record
TN:
SF:src/routes/types.ts
FNF:0
FNH:0
LF:0
LH:0
BRF:0
BRH:0
end_of_record
TN:
SF:src/screens/About/index.tsx
FN:6,About
FNF:1
FNH:1
FNDA:4,About
DA:7,4
LF:1
LH:1
BRF:0
BRH:0
end_of_record
TN:
SF:src/screens/About/styles.ts
FN:9,(anonymous_0)
FN:20,(anonymous_1)
FN:21,(anonymous_2)
FNF:3
FNH:3
FNDA:4,(anonymous_0)
FNDA:4,(anonymous_1)
FNDA:4,(anonymous_2)
DA:4,1
DA:9,4
DA:12,1
DA:19,1
DA:20,4
DA:21,4
LF:6
LH:6
BRF:0
BRH:0
end_of_record
TN:
SF:src/screens/Home/index.tsx
FN:36,Home
FN:41,(anonymous_1)
FN:55,(anonymous_2)
FN:117,(anonymous_3)
FN:143,(anonymous_4)
FNF:5
FNH:3
FNDA:4,Home
FNDA:0,(anonymous_1)
FNDA:4,(anonymous_2)
FNDA:0,(anonymous_3)
FNDA:28,(anonymous_4)
DA:37,4
DA:39,4
DA:41,4
DA:42,0
DA:43,0
DA:44,0
DA:45,0
DA:46,0
DA:49,4
DA:51,4
DA:55,4
DA:56,4
DA:59,4
DA:108,4
DA:117,0
DA:144,28
LF:16
LH:10
BRDA:122,0,0,0
BRDA:122,0,1,4
BRF:2
BRH:1
end_of_record
TN:
SF:src/screens/Home/styles.ts
FN:44,(anonymous_0)
FN:54,(anonymous_1)
FN:56,(anonymous_2)
FN:61,(anonymous_3)
FN:63,(anonymous_4)
FN:73,(anonymous_5)
FN:77,(anonymous_6)
FN:89,(anonymous_7)
FN:91,(anonymous_8)
FN:100,(anonymous_9)
FN:104,(anonymous_10)
FN:106,(anonymous_11)
FNF:12
FNH:12
FNDA:4,(anonymous_0)
FNDA:4,(anonymous_1)
FNDA:4,(anonymous_2)
FNDA:4,(anonymous_3)
FNDA:4,(anonymous_4)
FNDA:4,(anonymous_5)
FNDA:4,(anonymous_6)
FNDA:8,(anonymous_7)
FNDA:8,(anonymous_8)
FNDA:4,(anonymous_9)
FNDA:4,(anonymous_10)
FNDA:4,(anonymous_11)
DA:7,1
DA:15,1
DA:19,1
DA:24,1
DA:31,1
DA:33,1
DA:35,1
DA:39,1
DA:43,1
DA:44,4
DA:53,1
DA:54,4
DA:56,4
DA:60,1
DA:61,4
DA:63,4
DA:67,1
DA:72,1
DA:73,4
DA:77,4
DA:81,1
DA:88,1
DA:89,8
DA:91,8
DA:97,1
DA:100,4
DA:103,1
DA:104,4
DA:106,4
DA:111,1
LF:30
LH:30
BRF:0
BRH:0
end_of_record
TN:
SF:src/screens/Home/types.ts
FNF:0
FNH:0
LF:0
LH:0
BRF:0
BRH:0
end_of_record
TN:
SF:src/screens/Settings/index.tsx
FN:9,Settings
FN:16,(anonymous_1)
FNF:2
FNH:1
FNDA:3,Settings
FNDA:0,(anonymous_1)
DA:10,3
DA:11,3
DA:13,3
DA:16,0
LF:4
LH:3
BRF:0
BRH:0
end_of_record
TN:
SF:src/screens/Settings/styles.ts
FN:14,(anonymous_0)
FN:34,(anonymous_1)
FN:35,(anonymous_2)
FNF:3
FNH:3
FNDA:3,(anonymous_0)
FNDA:3,(anonymous_1)
FNDA:3,(anonymous_2)
DA:7,1
DA:14,3
DA:16,1
DA:20,1
DA:26,1
DA:33,1
DA:34,3
DA:35,3
DA:39,1
LF:9
LH:9
BRF:0
BRH:0
end_of_record
TN:
SF:src/services/api.ts
FNF:0
FNH:0
DA:3,5
LF:1
LH:1
BRF:0
BRH:0
end_of_record
TN:
SF:src/styles/theme.ts
FNF:0
FNH:0
LF:0
LH:0
BRF:0
BRH:0
end_of_record
TN:
SF:src/utils/ProviderWrappers.tsx
FN:32,(anonymous_0)
FN:40,(anonymous_1)
FNF:2
FNH:2
FNDA:14,(anonymous_0)
FNDA:4,(anonymous_1)
DA:10,5
DA:32,5
DA:33,14
DA:40,5
DA:41,4
LF:5
LH:5
BRF:0
BRH:0
end_of_record
