TN:
SF:src/setupTests.ts
FN:7,(anonymous_0)
FNF:1
FNH:0
FNDA:0,(anonymous_0)
DA:7,0
LF:1
LH:0
BRF:0
BRH:0
end_of_record
TN:
SF:src/components/Card/index.tsx
FN:8,Card
FNF:1
FNH:1
FNDA:37,Card
DA:9,37
DA:11,37
LF:2
LH:2
BRF:0
BRH:0
end_of_record
TN:
SF:src/components/Card/styles.ts
FN:6,(anonymous_0)
FN:33,(anonymous_1)
FN:35,(anonymous_2)
FN:41,(anonymous_3)
FN:43,(anonymous_4)
FNF:5
FNH:5
FNDA:37,(anonymous_0)
FNDA:37,(anonymous_1)
FNDA:37,(anonymous_2)
FNDA:37,(anonymous_3)
FNDA:37,(anonymous_4)
DA:5,2
DA:6,37
DA:24,2
DA:32,2
DA:33,37
DA:35,37
DA:39,2
DA:41,37
DA:43,37
DA:47,2
LF:10
LH:10
BRF:0
BRH:0
end_of_record
TN:
SF:src/components/Card/types.ts
FNF:0
FNH:0
LF:0
LH:0
BRF:0
BRH:0
end_of_record
TN:
SF:src/components/Logo/index.tsx
FN:8,Logo
FNF:1
FNH:1
FNDA:5,Logo
DA:9,5
LF:1
LH:1
BRF:0
BRH:0
end_of_record
TN:
SF:src/components/Logo/styles.ts
FN:18,(anonymous_0)
FN:19,(anonymous_1)
FNF:2
FNH:2
FNDA:5,(anonymous_0)
FNDA:5,(anonymous_1)
DA:4,2
DA:9,2
DA:16,2
DA:18,5
DA:19,5
LF:5
LH:5
BRF:0
BRH:0
end_of_record
TN:
SF:src/context/weather/index.tsx
FN:15,WeatherProvider
FN:25,getCurrentWeather
FN:29,(anonymous_2)
FN:37,(anonymous_3)
FN:57,(anonymous_4)
FN:60,(anonymous_5)
FN:64,(anonymous_6)
FNF:7
FNH:0
FNDA:0,WeatherProvider
FNDA:0,getCurrentWeather
FNDA:0,(anonymous_2)
FNDA:0,(anonymous_3)
FNDA:0,(anonymous_4)
FNDA:0,(anonymous_5)
FNDA:0,(anonymous_6)
DA:9,5
DA:11,5
DA:13,5
DA:16,0
DA:17,0
DA:19,0
DA:27,0
DA:28,0
DA:30,0
DA:38,0
DA:53,0
DA:55,0
DA:58,0
DA:61,0
DA:64,0
DA:69,0
LF:16
LH:3
BRF:0
BRH:0
end_of_record
TN:
SF:src/context/weather/types.ts
FNF:0
FNH:0
LF:0
LH:0
BRF:0
BRH:0
end_of_record
TN:
SF:src/hooks/useWeather.ts
FN:5,(anonymous_0)
FNF:1
FNH:1
FNDA:5,(anonymous_0)
DA:5,1
DA:6,5
DA:8,5
DA:9,0
DA:12,5
LF:5
LH:4
BRDA:8,0,0,0
BRDA:8,0,1,5
BRF:2
BRH:1
end_of_record
TN:
SF:src/routes/app.stack.routes.tsx
FN:13,MainStackRoutes
FNF:1
FNH:0
FNDA:0,MainStackRoutes
DA:11,0
DA:14,0
DA:16,0
LF:3
LH:0
BRF:0
BRH:0
end_of_record
TN:
SF:src/routes/index.tsx
FN:6,Routes
FNF:1
FNH:0
FNDA:0,Routes
DA:7,0
LF:1
LH:0
BRF:0
BRH:0
end_of_record
TN:
SF:src/routes/types.ts
FNF:0
FNH:0
LF:0
LH:0
BRF:0
BRH:0
end_of_record
TN:
SF:src/screens/About/index.tsx
FN:6,About
FNF:1
FNH:1
FNDA:4,About
DA:7,4
LF:1
LH:1
BRF:0
BRH:0
end_of_record
TN:
SF:src/screens/About/styles.ts
FN:11,(anonymous_0)
FN:22,(anonymous_1)
FN:23,(anonymous_2)
FNF:3
FNH:3
FNDA:4,(anonymous_0)
FNDA:4,(anonymous_1)
FNDA:4,(anonymous_2)
DA:4,1
DA:11,4
DA:13,1
DA:21,1
DA:22,4
DA:23,4
LF:6
LH:6
BRF:0
BRH:0
end_of_record
TN:
SF:src/screens/Home/index.tsx
FN:36,Home
FN:41,(anonymous_1)
FN:55,(anonymous_2)
FN:113,(anonymous_3)
FN:139,(anonymous_4)
FNF:5
FNH:3
FNDA:5,Home
FNDA:0,(anonymous_1)
FNDA:5,(anonymous_2)
FNDA:0,(anonymous_3)
FNDA:35,(anonymous_4)
DA:37,5
DA:39,5
DA:41,5
DA:42,0
DA:43,0
DA:44,0
DA:45,0
DA:46,0
DA:49,5
DA:51,5
DA:55,5
DA:56,5
DA:59,5
DA:104,5
DA:113,0
DA:140,35
LF:16
LH:10
BRDA:118,0,0,0
BRDA:118,0,1,5
BRF:2
BRH:1
end_of_record
TN:
SF:src/screens/Home/styles.ts
FN:44,(anonymous_0)
FN:54,(anonymous_1)
FN:56,(anonymous_2)
FN:61,(anonymous_3)
FN:63,(anonymous_4)
FN:73,(anonymous_5)
FN:77,(anonymous_6)
FN:89,(anonymous_7)
FN:91,(anonymous_8)
FN:100,(anonymous_9)
FN:104,(anonymous_10)
FN:106,(anonymous_11)
FNF:12
FNH:12
FNDA:5,(anonymous_0)
FNDA:5,(anonymous_1)
FNDA:5,(anonymous_2)
FNDA:5,(anonymous_3)
FNDA:5,(anonymous_4)
FNDA:5,(anonymous_5)
FNDA:5,(anonymous_6)
FNDA:10,(anonymous_7)
FNDA:10,(anonymous_8)
FNDA:5,(anonymous_9)
FNDA:5,(anonymous_10)
FNDA:5,(anonymous_11)
DA:7,1
DA:15,1
DA:19,1
DA:24,1
DA:31,1
DA:33,1
DA:35,1
DA:39,1
DA:43,1
DA:44,5
DA:53,1
DA:54,5
DA:56,5
DA:60,1
DA:61,5
DA:63,5
DA:67,1
DA:72,1
DA:73,5
DA:77,5
DA:81,1
DA:88,1
DA:89,10
DA:91,10
DA:97,1
DA:100,5
DA:103,1
DA:104,5
DA:106,5
DA:111,1
LF:30
LH:30
BRF:0
BRH:0
end_of_record
TN:
SF:src/screens/Home/types.ts
FNF:0
FNH:0
LF:0
LH:0
BRF:0
BRH:0
end_of_record
TN:
SF:src/screens/Settings/index.tsx
FN:9,Settings
FN:16,(anonymous_1)
FNF:2
FNH:1
FNDA:2,Settings
FNDA:0,(anonymous_1)
DA:10,2
DA:11,2
DA:13,2
DA:16,0
LF:4
LH:3
BRF:0
BRH:0
end_of_record
TN:
SF:src/screens/Settings/styles.ts
FN:14,(anonymous_0)
FN:34,(anonymous_1)
FN:35,(anonymous_2)
FNF:3
FNH:3
FNDA:2,(anonymous_0)
FNDA:2,(anonymous_1)
FNDA:2,(anonymous_2)
DA:7,1
DA:14,2
DA:16,1
DA:20,1
DA:26,1
DA:33,1
DA:34,2
DA:35,2
DA:39,1
LF:9
LH:9
BRF:0
BRH:0
end_of_record
TN:
SF:src/services/api.ts
FNF:0
FNH:0
DA:3,5
LF:1
LH:1
BRF:0
BRH:0
end_of_record
TN:
SF:src/styles/theme.ts
FNF:0
FNH:0
LF:0
LH:0
BRF:0
BRH:0
end_of_record
TN:
SF:src/utils/ProviderWrappers.tsx
FN:32,(anonymous_0)
FN:40,(anonymous_1)
FNF:2
FNH:2
FNDA:14,(anonymous_0)
FNDA:5,(anonymous_1)
DA:10,5
DA:32,5
DA:33,14
DA:40,5
DA:41,5
LF:5
LH:5
BRF:0
BRH:0
end_of_record
